Fri 19 Aug 2022 12:46:40 PM UTC: 
 tests:  0|6
total_score: 0/70
cb16566
Fri 19 Aug 2022 01:11:03 PM UTC: 
 list.c | 7 +++++++
 1 file changed, 7 insertions(+)
In file included from test.c:5:
list.c: In function ‘pushFront’:
list.c:53:27: error: ‘return’ with a value, in function returning void [-Werror=return-type]
   53 |   if(list == NULL) return NULL;
      |                           ^~~~
list.c:52:6: note: declared here
   52 | void pushFront(List * list, void * data) {
      |      ^~~~~~~~~
list.c:54:19: error: implicit declaration of function ‘crearNode’; did you mean ‘createNode’? [-Werror=implicit-function-declaration]
   54 |   Node *newNode = crearNode(data);
      |                   ^~~~~~~~~
      |                   createNode
list.c:54:19: error: initialization of ‘Node *’ from ‘int’ makes pointer from integer without a cast [-Werror=int-conversion]
list.c:54:9: error: unused variable ‘newNode’ [-Werror=unused-variable]
   54 |   Node *newNode = crearNode(data);
      |         ^~~~~~~
list.c: In function ‘prevList’:
list.c:50:1: error: control reaches end of non-void function [-Werror=return-type]
   50 | }
      | ^
cc1: all warnings being treated as errors
Compilation failed
04a65c9
Fri 19 Aug 2022 01:17:42 PM UTC: 
 list.c | 8 ++++++++
 1 file changed, 8 insertions(+)
In file included from test.c:5:
list.c: In function ‘pushFront’:
list.c:53:27: error: ‘return’ with a value, in function returning void [-Werror=return-type]
   53 |   if(list == NULL) return NULL;
      |                           ^~~~
list.c:52:6: note: declared here
   52 | void pushFront(List * list, void * data) {
      |      ^~~~~~~~~
list.c:54:19: error: implicit declaration of function ‘crearNode’; did you mean ‘createNode’? [-Werror=implicit-function-declaration]
   54 |   Node *newNode = crearNode(data);
      |                   ^~~~~~~~~
      |                   createNode
list.c:54:19: error: initialization of ‘Node *’ from ‘int’ makes pointer from integer without a cast [-Werror=int-conversion]
list.c:59:18: error: ‘Node’ has no member named ‘newNode’
   59 |     list -> tail -> newNode;
      |                  ^~
list.c:60:5: error: ‘r’ undeclared (first use in this function)
   60 |     r
      |     ^
list.c:60:5: note: each undeclared identifier is reported only once for each function it appears in
list.c:60:6: error: expected ‘;’ before ‘}’ token
   60 |     r
      |      ^
      |      ;
   61 |     }
      |     ~ 
list.c: At top level:
list.c:64:1: error: expected identifier or ‘(’ before ‘}’ token
   64 | }
      | ^
list.c: In function ‘pushCurrent’:
list.c:72:3: error: unknown type name ‘node’; did you mean ‘Node’?
   72 |   node *current = list -> current;
      |   ^~~~
      |   Node
list.c:72:19: error: initialization of ‘int *’ from incompatible pointer type ‘Node *’ [-Werror=incompatible-pointer-types]
   72 |   node *current = list -> current;
      |                   ^~~~
list.c:73:11: error: request for member ‘prev’ in something not a structure or union
   73 |   current -> prev -> next = list -> current -> next;
      |           ^~
list.c:74:11: error: request for member ‘next’ in something not a structure or union
   74 |   current -> next -> prev = list -> current -> prev;
      |           ^~
list.c: In function ‘prevList’:
list.c:50:1: error: control reaches end of non-void function [-Werror=return-type]
   50 | }
      | ^
cc1: all warnings being treated as errors
Compilation failed
dc97281
Fri 19 Aug 2022 01:18:54 PM UTC: 
 list.c | 2 ++
 1 file changed, 2 insertions(+)
In file included from test.c:5:
list.c: In function ‘pushFront’:
list.c:53:27: error: ‘return’ with a value, in function returning void [-Werror=return-type]
   53 |   if(list == NULL) return NULL;
      |                           ^~~~
list.c:52:6: note: declared here
   52 | void pushFront(List * list, void * data) {
      |      ^~~~~~~~~
list.c:54:19: error: implicit declaration of function ‘crearNode’; did you mean ‘createNode’? [-Werror=implicit-function-declaration]
   54 |   Node *newNode = crearNode(data);
      |                   ^~~~~~~~~
      |                   createNode
list.c:54:19: error: initialization of ‘Node *’ from ‘int’ makes pointer from integer without a cast [-Werror=int-conversion]
list.c:59:18: error: ‘Node’ has no member named ‘newNode’
   59 |     list -> tail -> newNode;
      |                  ^~
list.c:60:5: error: ‘r’ undeclared (first use in this function)
   60 |     r
      |     ^
list.c:60:5: note: each undeclared identifier is reported only once for each function it appears in
list.c:60:6: error: expected ‘;’ before ‘}’ token
   60 |     r
      |      ^
      |      ;
   61 |     }
      |     ~ 
list.c: At top level:
list.c:64:1: error: expected identifier or ‘(’ before ‘}’ token
   64 | }
      | ^
list.c: In function ‘pushCurrent’:
list.c:72:3: error: unknown type name ‘node’; did you mean ‘Node’?
   72 |   node *current = list -> current;
      |   ^~~~
      |   Node
list.c:72:19: error: initialization of ‘int *’ from incompatible pointer type ‘Node *’ [-Werror=incompatible-pointer-types]
   72 |   node *current = list -> current;
      |                   ^~~~
list.c:73:11: error: request for member ‘prev’ in something not a structure or union
   73 |   current -> prev -> next = list -> current -> next;
      |           ^~
list.c:74:11: error: request for member ‘next’ in something not a structure or union
   74 |   current -> next -> prev = list -> current -> prev;
      |           ^~
list.c: In function ‘prevList’:
list.c:50:1: error: control reaches end of non-void function [-Werror=return-type]
   50 | }
      | ^
cc1: all warnings being treated as errors
Compilation failed
aa3c2f9
Fri 19 Aug 2022 01:19:16 PM UTC: 
 list.c | 2 +-
 1 file changed, 1 insertion(+), 1 deletion(-)
In file included from test.c:5:
list.c: In function ‘pushFront’:
list.c:53:27: error: ‘return’ with a value, in function returning void [-Werror=return-type]
   53 |   if(list == NULL) return NULL;
      |                           ^~~~
list.c:52:6: note: declared here
   52 | void pushFront(List * list, void * data) {
      |      ^~~~~~~~~
list.c:54:19: error: implicit declaration of function ‘crearNode’; did you mean ‘createNode’? [-Werror=implicit-function-declaration]
   54 |   Node *newNode = crearNode(data);
      |                   ^~~~~~~~~
      |                   createNode
list.c:54:19: error: initialization of ‘Node *’ from ‘int’ makes pointer from integer without a cast [-Werror=int-conversion]
list.c:59:18: error: ‘Node’ has no member named ‘newNode’
   59 |     list -> tail -> newNode;
      |                  ^~
list.c:60:5: error: ‘r’ undeclared (first use in this function)
   60 |     r
      |     ^
list.c:60:5: note: each undeclared identifier is reported only once for each function it appears in
list.c:60:6: error: expected ‘;’ before ‘}’ token
   60 |     r
      |      ^
      |      ;
   61 |     }
      |     ~ 
list.c: At top level:
list.c:64:1: error: expected identifier or ‘(’ before ‘}’ token
   64 | }
      | ^
list.c: In function ‘prevList’:
list.c:50:1: error: control reaches end of non-void function [-Werror=return-type]
   50 | }
      | ^
cc1: all warnings being treated as errors
Compilation failed
6d69405
Mon 22 Aug 2022 01:21:45 AM UTC: 
 list.c | 18 +++++++++++++-----
 1 file changed, 13 insertions(+), 5 deletions(-)
In file included from test.c:5:
list.c: In function ‘pushFront’:
list.c:61:27: error: ‘return’ with a value, in function returning void [-Werror=return-type]
   61 |   if(list == NULL) return NULL;
      |                           ^~~~
list.c:60:6: note: declared here
   60 | void pushFront(List * list, void * data) {
      |      ^~~~~~~~~
list.c:62:19: error: implicit declaration of function ‘crearNode’; did you mean ‘createNode’? [-Werror=implicit-function-declaration]
   62 |   Node *newNode = crearNode(data);
      |                   ^~~~~~~~~
      |                   createNode
list.c:62:19: error: initialization of ‘Node *’ from ‘int’ makes pointer from integer without a cast [-Werror=int-conversion]
list.c:67:18: error: ‘Node’ has no member named ‘newNode’
   67 |     list -> tail -> newNode;
      |                  ^~
list.c:68:5: error: ‘r’ undeclared (first use in this function)
   68 |     r
      |     ^
list.c:68:5: note: each undeclared identifier is reported only once for each function it appears in
list.c:68:6: error: expected ‘;’ before ‘}’ token
   68 |     r
      |      ^
      |      ;
   69 |     }
      |     ~ 
list.c: At top level:
list.c:72:1: error: expected identifier or ‘(’ before ‘}’ token
   72 | }
      | ^
list.c: In function ‘prevList’:
list.c:58:1: error: control reaches end of non-void function [-Werror=return-type]
   58 | }
      | ^
cc1: all warnings being treated as errors
Compilation failed
3f2528a
Mon 22 Aug 2022 01:30:23 AM UTC: 
 list.c | 12 ++++++++----
 1 file changed, 8 insertions(+), 4 deletions(-)
In file included from test.c:5:
list.c: In function ‘pushFront’:
list.c:65:27: error: ‘return’ with a value, in function returning void [-Werror=return-type]
   65 |   if(list == NULL) return NULL;
      |                           ^~~~
list.c:64:6: note: declared here
   64 | void pushFront(List * list, void * data) {
      |      ^~~~~~~~~
list.c:66:19: error: implicit declaration of function ‘crearNode’; did you mean ‘createNode’? [-Werror=implicit-function-declaration]
   66 |   Node *newNode = crearNode(data);
      |                   ^~~~~~~~~
      |                   createNode
list.c:66:19: error: initialization of ‘Node *’ from ‘int’ makes pointer from integer without a cast [-Werror=int-conversion]
list.c:71:18: error: ‘Node’ has no member named ‘newNode’
   71 |     list -> tail -> newNode;
      |                  ^~
list.c:72:5: error: ‘r’ undeclared (first use in this function)
   72 |     r
      |     ^
list.c:72:5: note: each undeclared identifier is reported only once for each function it appears in
list.c:72:6: error: expected ‘;’ before ‘}’ token
   72 |     r
      |      ^
      |      ;
   73 |     }
      |     ~ 
list.c: At top level:
list.c:76:1: error: expected identifier or ‘(’ before ‘}’ token
   76 | }
      | ^
list.c: In function ‘prevList’:
list.c:62:1: error: control reaches end of non-void function [-Werror=return-type]
   62 | }
      | ^
cc1: all warnings being treated as errors
Compilation failed
1d739d2
Mon 22 Aug 2022 01:32:26 AM UTC: 
 list.c | 13 +------------
 1 file changed, 1 insertion(+), 12 deletions(-)
In file included from test.c:5:
list.c: In function ‘pushFront’:
list.c:65:1: error: expected declaration specifiers before ‘}’ token
   65 | }
      | ^
list.c:67:41: error: expected ‘=’, ‘,’, ‘;’, ‘asm’ or ‘__attribute__’ before ‘{’ token
   67 | void pushBack(List * list, void * data) {
      |                                         ^
list.c:72:44: error: expected ‘=’, ‘,’, ‘;’, ‘asm’ or ‘__attribute__’ before ‘{’ token
   72 | void pushCurrent(List * list, void * data) {
      |                                            ^
list.c:80:30: error: expected ‘=’, ‘,’, ‘;’, ‘asm’ or ‘__attribute__’ before ‘{’ token
   80 | void * popFront(List * list) {
      |                              ^
list.c:85:29: error: expected ‘=’, ‘,’, ‘;’, ‘asm’ or ‘__attribute__’ before ‘{’ token
   85 | void * popBack(List * list) {
      |                             ^
list.c:90:32: error: expected ‘=’, ‘,’, ‘;’, ‘asm’ or ‘__attribute__’ before ‘{’ token
   90 | void * popCurrent(List * list) {
      |                                ^
list.c:94:29: error: expected ‘=’, ‘,’, ‘;’, ‘asm’ or ‘__attribute__’ before ‘{’ token
   94 | void cleanList(List * list) {
      |                             ^
test.c:9:1: error: parameter ‘test_id’ is initialized
    9 | int test_id = -1;
      | ^~~
test.c:12:14: error: expected ‘=’, ‘,’, ‘;’, ‘asm’ or ‘__attribute__’ before ‘{’ token
   12 | int success(){
      |              ^
test.c:17:24: error: expected ‘=’, ‘,’, ‘;’, ‘asm’ or ‘__attribute__’ before ‘{’ token
   17 | void err_msg(char* msg){
      |                        ^
test.c:24:23: error: expected ‘=’, ‘,’, ‘;’, ‘asm’ or ‘__attribute__’ before ‘{’ token
   24 | void ok_msg(char* msg){
      |                       ^
test.c:30:25: error: expected ‘=’, ‘,’, ‘;’, ‘asm’ or ‘__attribute__’ before ‘{’ token
   30 | void info_msg(char* msg){
      |                         ^
test.c:35:75: error: expected ‘=’, ‘,’, ‘;’, ‘asm’ or ‘__attribute__’ before ‘{’ token
   35 | int test_suite(int(*test)(), char* msg, int max_score, int id, int req_id){
      |                                                                           ^
test.c:51:26: error: expected ‘=’, ‘,’, ‘;’, ‘asm’ or ‘__attribute__’ before ‘{’ token
   51 | List* initialize_exList(){
      |                          ^
test.c:73:29: error: expected ‘=’, ‘,’, ‘;’, ‘asm’ or ‘__attribute__’ before ‘{’ token
   73 | List* initialize_emptyList(){
      |                             ^
test.c:83:18: error: expected ‘=’, ‘,’, ‘;’, ‘asm’ or ‘__attribute__’ before ‘{’ token
   83 | int test_create(){
      |                  ^
test.c:98:22: error: expected ‘=’, ‘,’, ‘;’, ‘asm’ or ‘__attribute__’ before ‘{’ token
   98 | int test_first_next(){
      |                      ^
test.c:171:21: error: expected ‘=’, ‘,’, ‘;’, ‘asm’ or ‘__attribute__’ before ‘{’ token
  171 | int test_last_prev(){
      |                     ^
test.c:233:21: error: expected ‘=’, ‘,’, ‘;’, ‘asm’ or ‘__attribute__’ before ‘{’ token
  233 | int test_pushfront(){
      |                     ^
test.c:298:23: error: expected ‘=’, ‘,’, ‘;’, ‘asm’ or ‘__attribute__’ before ‘{’ token
  298 | int test_pushcurrent(){
      |                       ^
test.c:357:22: error: expected ‘=’, ‘,’, ‘;’, ‘asm’ or ‘__attribute__’ before ‘{’ token
  357 | int test_popcurrent(){
      |                      ^
test.c:448:36: error: expected ‘=’, ‘,’, ‘;’, ‘asm’ or ‘__attribute__’ before ‘{’ token
  448 | int main( int argc, char *argv[] ) {
      |                                    ^
In file included from test.c:5:
list.c:64:6: error: old-style parameter declarations in prototyped function definition
   64 | void pushFront(List * list, void * data)
      |      ^~~~~~~~~
test.c:468: error: expected ‘{’ at end of input
  468 | }
      | 
In file included from test.c:5:
list.c: In function ‘prevList’:
list.c:62:1: error: control reaches end of non-void function [-Werror=return-type]
   62 | }
      | ^
cc1: all warnings being treated as errors
Compilation failed
bd5a4ee
Mon 22 Aug 2022 01:32:45 AM UTC: 
 list.c | 3 ++-
 1 file changed, 2 insertions(+), 1 deletion(-)
In file included from test.c:5:
list.c: In function ‘prevList’:
list.c:62:1: error: control reaches end of non-void function [-Werror=return-type]
   62 | }
      | ^
cc1: all warnings being treated as errors
Compilation failed
33538d9
Mon 22 Aug 2022 01:32:54 AM UTC: 
 list.c | 1 -
 1 file changed, 1 deletion(-)
 tests:  0|0
f92c37a
Mon 22 Aug 2022 01:34:56 AM UTC: 
 list.c | 4 ++--
 1 file changed, 2 insertions(+), 2 deletions(-)
 tests:  0|0
2f950b9
Mon 22 Aug 2022 01:35:18 AM UTC: 
 list.c | 4 ++--
 1 file changed, 2 insertions(+), 2 deletions(-)
 tests:  0|0
ffc6ccb
Mon 22 Aug 2022 01:36:39 AM UTC: 
 list.c | 5 +++--
 1 file changed, 3 insertions(+), 2 deletions(-)
 tests:  0|0
5c14b7a
Mon 22 Aug 2022 01:56:41 AM UTC: 
 list.c | 13 ++++++++++++-
 1 file changed, 12 insertions(+), 1 deletion(-)
In file included from test.c:5:
list.c: In function ‘pushFront’:
list.c:72:2: error: ‘L’ undeclared (first use in this function)
   72 |  L->head = x;
      |  ^
list.c:72:2: note: each undeclared identifier is reported only once for each function it appears in
list.c:72:12: error: ‘x’ undeclared (first use in this function)
   72 |  L->head = x;
      |            ^
list.c: At top level:
list.c:77:1: error: expected identifier or ‘(’ before ‘}’ token
   77 | }
      | ^
Compilation failed
84eec52
Mon 22 Aug 2022 01:56:59 AM UTC: 
 list.c | 8 --------
 1 file changed, 8 deletions(-)
 tests:  0|0
0377506
Mon 22 Aug 2022 01:57:45 AM UTC: 
 list.c | 5 ++++-
 1 file changed, 4 insertions(+), 1 deletion(-)
 tests:  0|0
929e523
Mon 22 Aug 2022 01:59:53 AM UTC: 
 list.c | 1 +
 1 file changed, 1 insertion(+)
 tests:  0|0
7951a75
Mon 22 Aug 2022 02:01:30 AM UTC: 
 list.c | 3 +++
 1 file changed, 3 insertions(+)
 tests:  0|0
88e5a9d
Mon 22 Aug 2022 02:01:50 AM UTC: 
 list.c | 3 +++
 1 file changed, 3 insertions(+)
 tests:  0|0
b6f13bd
Mon 22 Aug 2022 02:02:29 AM UTC: 
 list.c | 1 +
 1 file changed, 1 insertion(+)
 tests:  0|0
0b75b6a
Mon 22 Aug 2022 02:02:49 AM UTC: 
 list.c | 2 +-
 1 file changed, 1 insertion(+), 1 deletion(-)
 tests:  0|0
b5231c4
Mon 22 Aug 2022 02:03:11 AM UTC: 
 list.c | 4 ----
 1 file changed, 4 deletions(-)
In file included from test.c:5:
list.c: In function ‘pushCurrent’:
list.c:88:8: error: ‘current’ undeclared (first use in this function); did you mean ‘popCurrent’?
   88 |   free(current);
      |        ^~~~~~~
      |        popCurrent
list.c:88:8: note: each undeclared identifier is reported only once for each function it appears in
Compilation failed
9c3efda
Mon 22 Aug 2022 02:03:24 AM UTC: 
 list.c | 3 +++
 1 file changed, 3 insertions(+)
 tests:  0|0
06f2b4f
Mon 22 Aug 2022 02:05:50 AM UTC: 
 list.c | 5 +++++
 1 file changed, 5 insertions(+)
In file included from test.c:5:
list.c: In function ‘pushFront’:
list.c:84:7: error: dereferencing ‘void *’ pointer [-Werror]
   84 |   data->prev = NULL;
      |       ^~
list.c:84:7: error: request for member ‘prev’ in something not a structure or union
cc1: all warnings being treated as errors
Compilation failed
caeeb1f
Mon 22 Aug 2022 02:15:57 AM UTC: 
 list.c | 8 ++++----
 1 file changed, 4 insertions(+), 4 deletions(-)
In file included from test.c:5:
list.c: In function ‘pushFront’:
list.c:81:12: error: ‘return’ with a value, in function returning void [-Werror=return-type]
   81 |     return NULL;
      |            ^~~~
list.c:79:6: note: declared here
   79 | void pushFront(List * list, void * data){
      |      ^~~~~~~~~
cc1: all warnings being treated as errors
Compilation failed
467568f
Mon 22 Aug 2022 02:16:34 AM UTC: 
 list.c | 2 --
 1 file changed, 2 deletions(-)
 tests:  0|0
04511f6
Mon 22 Aug 2022 02:21:12 AM UTC: 
 list.c | 2 +-
 1 file changed, 1 insertion(+), 1 deletion(-)
 tests:  0|0
a88de95
Mon 22 Aug 2022 02:34:44 AM UTC: 
 list.c | 8 ++++----
 1 file changed, 4 insertions(+), 4 deletions(-)
In file included from test.c:5:
list.c: In function ‘pushCurrent’:
list.c:92:10: error: ‘Node’ has no member named ‘sig’
   92 |   newNode->sig = list->current->next;
      |          ^~
list.c:93:17: error: ‘sig’ undeclared (first use in this function)
   93 |   list->current-sig= newNode;
      |                 ^~~
list.c:93:17: note: each undeclared identifier is reported only once for each function it appears in
Compilation failed
30a610f
Mon 22 Aug 2022 02:35:04 AM UTC: 
 list.c | 4 ++--
 1 file changed, 2 insertions(+), 2 deletions(-)
 tests:  5|5
total_score: 15/70
8a487bf
Mon 22 Aug 2022 02:37:43 AM UTC: 
 list.c | 3 ---
 1 file changed, 3 deletions(-)
 tests:  4|5
total_score: 15/70
7b32279
Mon 22 Aug 2022 02:38:42 AM UTC: 
 list.c | 3 ---
 1 file changed, 3 deletions(-)
In file included from test.c:5:
list.c: In function ‘nextList’:
list.c:48:3: error: this ‘if’ clause does not guard... [-Werror=misleading-indentation]
   48 |   if(list->current->next != NULL)
      |   ^~
list.c:50:5: note: ...this statement, but the latter is misleadingly indented as if it were guarded by the ‘if’
   50 |     return NULL;
      |     ^~~~~~
cc1: all warnings being treated as errors
Compilation failed
e7bebfa
Mon 22 Aug 2022 02:41:44 AM UTC: 
 list.c | 6 ++++++
 1 file changed, 6 insertions(+)
 tests:  5|5
total_score: 15/70
66f63d7
Mon 22 Aug 2022 02:49:00 AM UTC: 
 list.c | 5 +----
 1 file changed, 1 insertion(+), 4 deletions(-)
In file included from test.c:5:
list.c: In function ‘nextList’:
list.c:54:29: error: expected ‘;’ before ‘}’ token
   54 |   return list->current->data
      |                             ^
      |                             ;
   55 |   }
      |   ~                          
Compilation failed
83d1e0b
Mon 22 Aug 2022 02:49:07 AM UTC: 
 list.c | 2 +-
 1 file changed, 1 insertion(+), 1 deletion(-)
 tests:  5|5
total_score: 15/70
647ab7c
Mon 22 Aug 2022 02:50:32 AM UTC: 
 list.c | 4 +++-
 1 file changed, 3 insertions(+), 1 deletion(-)
 tests:  0|0
e557d23
Mon 22 Aug 2022 02:51:00 AM UTC: 
 list.c | 1 -
 1 file changed, 1 deletion(-)
In file included from test.c:5:
list.c: In function ‘nextList’:
list.c:56:3: error: control reaches end of non-void function [-Werror=return-type]
   56 |   }
      |   ^
cc1: all warnings being treated as errors
Compilation failed
d824f05
Mon 22 Aug 2022 02:52:12 AM UTC: 
 list.c | 2 --
 1 file changed, 2 deletions(-)
 tests:  0|0
4e74854
Mon 22 Aug 2022 03:00:39 AM UTC: 
 list.c | 7 ++++++-
 1 file changed, 6 insertions(+), 1 deletion(-)
In file included from test.c:5:
list.c:59:3: error: expected identifier or ‘(’ before ‘}’ token
   59 |   }
      |   ^
list.c: In function ‘nextList’:
list.c:58:3: error: control reaches end of non-void function [-Werror=return-type]
   58 |   }
      |   ^
cc1: all warnings being treated as errors
Compilation failed
e5aa156
Mon 22 Aug 2022 03:00:48 AM UTC: 
 list.c | 1 -
 1 file changed, 1 deletion(-)
In file included from test.c:5:
list.c: In function ‘nextList’:
list.c:58:3: error: control reaches end of non-void function [-Werror=return-type]
   58 |   }
      |   ^
cc1: all warnings being treated as errors
Compilation failed
b36b729
Mon 22 Aug 2022 03:21:05 AM UTC: 
 list.c | 11 ++++++++++-
 1 file changed, 10 insertions(+), 1 deletion(-)
In file included from test.c:5:
list.c: In function ‘popCurrent’:
list.c:116:8: error: variable or field ‘dato’ declared void
  116 |   void dato;
      |        ^~~~
list.c:117:8: error: assignment to ‘int’ from ‘void *’ makes integer from pointer without a cast [-Werror=int-conversion]
  117 |   dato = list->current->data;
      |        ^
list.c:116:8: error: variable ‘dato’ set but not used [-Werror=unused-but-set-variable]
  116 |   void dato;
      |        ^~~~
list.c: In function ‘nextList’:
list.c:58:3: error: control reaches end of non-void function [-Werror=return-type]
   58 |   }
      |   ^
cc1: all warnings being treated as errors
Compilation failed
fb168ac
Mon 22 Aug 2022 03:22:31 AM UTC: 
 list.c | 6 +++---
 1 file changed, 3 insertions(+), 3 deletions(-)
In file included from test.c:5:
list.c: In function ‘nextList’:
list.c:58:3: error: control reaches end of non-void function [-Werror=return-type]
   58 |   }
      |   ^
cc1: all warnings being treated as errors
Compilation failed
df9ec1b
Mon 22 Aug 2022 03:25:13 AM UTC: 
 list.c | 1 +
 1 file changed, 1 insertion(+)
In file included from test.c:5:
list.c: In function ‘popCurrent’:
list.c:119:8: error: ‘current’ undeclared (first use in this function); did you mean ‘popCurrent’?
  119 |   free(current);
      |        ^~~~~~~
      |        popCurrent
list.c:119:8: note: each undeclared identifier is reported only once for each function it appears in
list.c: In function ‘nextList’:
list.c:58:3: error: control reaches end of non-void function [-Werror=return-type]
   58 |   }
      |   ^
cc1: all warnings being treated as errors
Compilation failed
7df7d72
Mon 22 Aug 2022 03:28:01 AM UTC: 
 list.c | 1 -
 1 file changed, 1 deletion(-)
In file included from test.c:5:
list.c: In function ‘nextList’:
list.c:58:3: error: control reaches end of non-void function [-Werror=return-type]
   58 |   }
      |   ^
cc1: all warnings being treated as errors
Compilation failed
1fece11
